19.05.2015 11:30:19,58 begin create db "F:\program\programming\app_template3\app\webserver\scripts\baza_zn\site\db\db2\\DATA.FDB"  
Use CONNECT or CREATE DATABASE to specify a database
F:\program\programming\app_template3\app\webserver\scripts\baza_zn\site\db\db2\create_db_scripts\0001_create_tables.sql   
F:\program\programming\app_template3\app\webserver\scripts\baza_zn\site\db\db2\\temp_1759\0002_connect.sql
F:\program\programming\app_template3\app\webserver\scripts\baza_zn\site\db\db2\create_db_scripts\0001_create_tables.sql
Скопировано файлов:         1.
Use CONNECT or CREATE DATABASE to specify a database
Statement failed, SQLSTATE = 42000
unsuccessful metadata update
-Generator T_WORD_ID already exists
After line 23 in file F:\program\programming\app_template3\app\webserver\scripts\baza_zn\site\db\db2\\temp_1759\create_db_scripts\0001_create_tables
19.05.2015 11:30:20,54   end create db "F:\program\programming\app_template3\app\webserver\scripts\baza_zn\site\db\db2\\DATA.FDB"  
19.05.2015 11:31:20,19 begin create db "F:\program\programming\app_template3\app\webserver\scripts\baza_zn\site\db\db2\\DATA.FDB"  
Use CONNECT or CREATE DATABASE to specify a database
F:\program\programming\app_template3\app\webserver\scripts\baza_zn\site\db\db2\create_db_scripts\0001_create_tables.sql   
F:\program\programming\app_template3\app\webserver\scripts\baza_zn\site\db\db2\\temp_1959\0002_connect.sql
F:\program\programming\app_template3\app\webserver\scripts\baza_zn\site\db\db2\create_db_scripts\0001_create_tables.sql
Скопировано файлов:         1.
Use CONNECT or CREATE DATABASE to specify a database
19.05.2015 11:31:20,54   end create db "F:\program\programming\app_template3\app\webserver\scripts\baza_zn\site\db\db2\\DATA.FDB"  
